[2026-03-27T12:52:08.575] [DEBUG] debug-file - Ark compile task finished.finished time is 1312854878667800
[2026-03-27T12:52:24.504] [DEBUG] debug-file - session manager: set active socket. socketId=tEAJnD5CTDJL0fxwAABJ
[2026-03-27T12:52:24.509] [DEBUG] debug-file - watch worker: worker id should be larger than 0. Nothing will be sent to any worker thread.
[2026-03-27T12:52:24.513] [DEBUG] debug-file - Workers' log level updated to INFO
[2026-03-27T12:52:24.515] [DEBUG] debug-file - Hvigor init with startParameters:{
  hvigorfileTypeCheck: false,
  parallelExecution: true,
  incrementalExecution: true,
  printStackTrace: false,
  daemon: true,
  analyze: 0,
  logLevel: Level { level: 20000, levelStr: 'INFO', colour: 'green' },
  optimizationStrategy: 'memory',
  hotCompile: undefined,
  hotReloadBuild: undefined,
  customizedParam: undefined
}
[2026-03-27T12:52:24.519] [DEBUG] debug-file - Cache service initialization finished in 4 ms 
[2026-03-27T12:52:24.520] [DEBUG] debug-file - hvigorfile, resolving D:\devecoStudioDriector\SomeDemo\LocalReading\hvigorfile.ts
[2026-03-27T12:52:24.524] [DEBUG] debug-file - hvigorfile, require result:  { default: { plugins: [] } }
[2026-03-27T12:52:24.524] [DEBUG] debug-file - hvigorfile, binding system plugins null
[2026-03-27T12:52:24.524] [DEBUG] debug-file - Starting plugin build process
[2026-03-27T12:52:24.524] [DEBUG] debug-file - App plugin prepare start...
[2026-03-27T12:52:24.524] [DEBUG] debug-file - App plugin prepare end...
[2026-03-27T12:52:24.524] [DEBUG] debug-file - App plugin creating...
[2026-03-27T12:52:24.528] [DEBUG] debug-file - App plugin register hook start...
[2026-03-27T12:52:24.528] [DEBUG] debug-file - App plugin register hook end...
[2026-03-27T12:52:24.528] [DEBUG] debug-file - Plugin build process completed
[2026-03-27T12:52:24.529] [DEBUG] debug-file - Start initialize project's product build option map with build mode debug.
[2026-03-27T12:52:24.529] [DEBUG] debug-file - Picking option from product 'default' with build mode 'debug'.
[2026-03-27T12:52:24.529] [DEBUG] debug-file - Product 'default' build option initialized
[2026-03-27T12:52:24.529] [DEBUG] debug-file - End initialize project's product build option map with build mode 'debug'.
[2026-03-27T12:52:24.529] [DEBUG] debug-file - Obtain build option for product 'default'in this build.
[2026-03-27T12:52:24.532] [DEBUG] debug-file - D:\devecoStudioDriector\SomeDemo\LocalReading\build\cache\default\remote_hsp\remoteHspCache.json not exists.
[2026-03-27T12:52:24.534] [DEBUG] debug-file - Start recording SDK configuration permission data.
[2026-03-27T12:52:24.565] [DEBUG] debug-file - Sdk init in 33 ms 
[2026-03-27T12:52:24.568] [DEBUG] debug-file - Project task initialization takes 3 ms 
[2026-03-27T12:52:24.568] [DEBUG] debug-file - hvigorfile, binding custom plugins []
[2026-03-27T12:52:24.568] [DEBUG] debug-file - hvigorfile, no custom plugins were found in D:\devecoStudioDriector\SomeDemo\LocalReading\hvigorfile.ts
[2026-03-27T12:52:24.568] [DEBUG] debug-file - hvigorfile, resolve finished D:\devecoStudioDriector\SomeDemo\LocalReading\hvigorfile.ts
[2026-03-27T12:52:24.568] [DEBUG] debug-file - hvigorfile, resolving D:\devecoStudioDriector\SomeDemo\LocalReading\entry\hvigorfile.ts
[2026-03-27T12:52:24.571] [DEBUG] debug-file - hvigorfile, require result:  { default: { plugins: [] } }
[2026-03-27T12:52:24.571] [DEBUG] debug-file - hvigorfile, binding system plugins null
[2026-03-27T12:52:24.571] [DEBUG] debug-file - Starting plugin build process
[2026-03-27T12:52:24.571] [DEBUG] debug-file - Hap plugin creating...
[2026-03-27T12:52:24.572] [DEBUG] debug-file - failed to load cangjie to dynamically generate schemas: Error: Cannot find module '@ohos/cangjie-build-support/index'
Require stack:
- D:\what down\vediodown\tool\devecostudio\DevEco Studio\tools\hvigor\hvigor-ohos-plugin\src\plugin\hooks\cangjie-register.js
- D:\what down\vediodown\tool\devecostudio\DevEco Studio\tools\hvigor\hvigor-ohos-plugin\src\plugin\strategy\stage-init-strategy.js
- D:\what down\vediodown\tool\devecostudio\DevEco Studio\tools\hvigor\hvigor-ohos-plugin\src\plugin\builder\abstract-plugin-builder.js
- D:\what down\vediodown\tool\devecostudio\DevEco Studio\tools\hvigor\hvigor-ohos-plugin\src\plugin\builder\app-plugin-builder.js
- D:\what down\vediodown\tool\devecostudio\DevEco Studio\tools\hvigor\hvigor-ohos-plugin\src\plugin\factory\plugin-factory.js
- D:\what down\vediodown\tool\devecostudio\DevEco Studio\tools\hvigor\hvigor-ohos-plugin\index.js
- D:\devecoStudioDriector\SomeDemo\LocalReading\hvigorfile.ts
- D:\what down\vediodown\tool\devecostudio\DevEco Studio\tools\hvigor\hvigor\src\base\internal\lifecycle\configuration.js
- D:\what down\vediodown\tool\devecostudio\DevEco Studio\tools\hvigor\hvigor\src\base\boot\index.js
- D:\what down\vediodown\tool\devecostudio\DevEco Studio\tools\hvigor\hvigor\src\base\daemon\cluster\worker-process-lifecycle.js
- D:\what down\vediodown\tool\devecostudio\DevEco Studio\tools\hvigor\hvigor\src\base\daemon\process\daemon-process-boot-script.js
[2026-03-27T12:52:24.574] [DEBUG] debug-file - Start initialize module-target build option map, moduleName=entry, buildMode=debug
[2026-03-27T12:52:24.574] [DEBUG] debug-file - Target 'default' config initialized
[2026-03-27T12:52:24.574] [DEBUG] debug-file - Module 'entry' target 'default' build option initialized
[2026-03-27T12:52:24.574] [DEBUG] debug-file - End initialize module-target build option map, moduleName=entry
[2026-03-27T12:52:24.574] [DEBUG] debug-file - Start initialize module-target build option map, moduleName=entry, buildMode=release
[2026-03-27T12:52:24.574] [DEBUG] debug-file - Target 'default' config initialized
[2026-03-27T12:52:24.575] [DEBUG] debug-file - Module 'entry' target 'default' build option initialized
[2026-03-27T12:52:24.575] [DEBUG] debug-file - End initialize module-target build option map, moduleName=entry
[2026-03-27T12:52:24.575] [DEBUG] debug-file - Start initialize module-target build option map, moduleName=entry, buildMode=debug
[2026-03-27T12:52:24.575] [DEBUG] debug-file - Target 'default' config initialized
[2026-03-27T12:52:24.575] [DEBUG] debug-file - Module 'entry' target 'default' build option initialized
[2026-03-27T12:52:24.575] [DEBUG] debug-file - End initialize module-target build option map, moduleName=entry
[2026-03-27T12:52:24.576] [DEBUG] debug-file - Obtain build option for module 'entry' target 'default'in this build.
[2026-03-27T12:52:24.577] [DEBUG] debug-file - Module entry task initialization takes 1 ms 
[2026-03-27T12:52:24.577] [DEBUG] debug-file - Hap plugin register hook start...
[2026-03-27T12:52:24.577] [DEBUG] debug-file - Hap plugin register hook end...
[2026-03-27T12:52:24.577] [DEBUG] debug-file - Plugin build process completed
[2026-03-27T12:52:24.577] [DEBUG] debug-file - hvigorfile, binding custom plugins []
[2026-03-27T12:52:24.577] [DEBUG] debug-file - hvigorfile, no custom plugins were found in D:\devecoStudioDriector\SomeDemo\LocalReading\entry\hvigorfile.ts
[2026-03-27T12:52:24.577] [DEBUG] debug-file - hvigorfile, resolve finished D:\devecoStudioDriector\SomeDemo\LocalReading\entry\hvigorfile.ts
[2026-03-27T12:52:24.577] [DEBUG] debug-file - hvigorfile, resolving D:\devecoStudioDriector\SomeDemo\LocalReading\exfeature\note\hvigorfile.ts
[2026-03-27T12:52:24.581] [DEBUG] debug-file - hvigorfile, require result:  { default: { plugins: [] } }
[2026-03-27T12:52:24.581] [DEBUG] debug-file - hvigorfile, binding system plugins null
[2026-03-27T12:52:24.581] [DEBUG] debug-file - Starting plugin build process
[2026-03-27T12:52:24.581] [DEBUG] debug-file - Har plugin creating...
[2026-03-27T12:52:24.582] [DEBUG] debug-file - failed to load cangjie to dynamically generate schemas: Error: Cannot find module '@ohos/cangjie-build-support/index'
Require stack:
- D:\what down\vediodown\tool\devecostudio\DevEco Studio\tools\hvigor\hvigor-ohos-plugin\src\plugin\hooks\cangjie-register.js
- D:\what down\vediodown\tool\devecostudio\DevEco Studio\tools\hvigor\hvigor-ohos-plugin\src\plugin\strategy\stage-init-strategy.js
- D:\what down\vediodown\tool\devecostudio\DevEco Studio\tools\hvigor\hvigor-ohos-plugin\src\plugin\builder\abstract-plugin-builder.js
- D:\what down\vediodown\tool\devecostudio\DevEco Studio\tools\hvigor\hvigor-ohos-plugin\src\plugin\builder\app-plugin-builder.js
- D:\what down\vediodown\tool\devecostudio\DevEco Studio\tools\hvigor\hvigor-ohos-plugin\src\plugin\factory\plugin-factory.js
- D:\what down\vediodown\tool\devecostudio\DevEco Studio\tools\hvigor\hvigor-ohos-plugin\index.js
- D:\devecoStudioDriector\SomeDemo\LocalReading\hvigorfile.ts
- D:\what down\vediodown\tool\devecostudio\DevEco Studio\tools\hvigor\hvigor\src\base\internal\lifecycle\configuration.js
- D:\what down\vediodown\tool\devecostudio\DevEco Studio\tools\hvigor\hvigor\src\base\boot\index.js
- D:\what down\vediodown\tool\devecostudio\DevEco Studio\tools\hvigor\hvigor\src\base\daemon\cluster\worker-process-lifecycle.js
- D:\what down\vediodown\tool\devecostudio\DevEco Studio\tools\hvigor\hvigor\src\base\daemon\process\daemon-process-boot-script.js
[2026-03-27T12:52:24.583] [DEBUG] debug-file - Start initialize module-target build option map, moduleName=note, buildMode=debug
[2026-03-27T12:52:24.583] [DEBUG] debug-file - Target 'default' config initialized
[2026-03-27T12:52:24.584] [DEBUG] debug-file - Target 'ohosTest' config initialized
[2026-03-27T12:52:24.584] [DEBUG] debug-file - Module 'note' target 'default' build option initialized
[2026-03-27T12:52:24.584] [DEBUG] debug-file - Module 'note' target 'ohosTest' build option initialized
[2026-03-27T12:52:24.584] [DEBUG] debug-file - End initialize module-target build option map, moduleName=note
[2026-03-27T12:52:24.584] [DEBUG] debug-file - Start initialize module-target build option map, moduleName=note, buildMode=release
[2026-03-27T12:52:24.584] [DEBUG] debug-file - Target 'default' config initialized
[2026-03-27T12:52:24.584] [DEBUG] debug-file - Target 'ohosTest' config initialized
[2026-03-27T12:52:24.584] [DEBUG] debug-file - Module 'note' target 'default' build option initialized
[2026-03-27T12:52:24.584] [DEBUG] debug-file - Module 'note' target 'ohosTest' build option initialized
[2026-03-27T12:52:24.584] [DEBUG] debug-file - End initialize module-target build option map, moduleName=note
[2026-03-27T12:52:24.584] [DEBUG] debug-file - Start initialize module-target build option map, moduleName=note, buildMode=debug
[2026-03-27T12:52:24.584] [DEBUG] debug-file - Target 'default' config initialized
[2026-03-27T12:52:24.586] [DEBUG] debug-file - Target 'ohosTest' config initialized
[2026-03-27T12:52:24.586] [DEBUG] debug-file - Module 'note' target 'default' build option initialized
[2026-03-27T12:52:24.586] [DEBUG] debug-file - Module 'note' target 'ohosTest' build option initialized
[2026-03-27T12:52:24.586] [DEBUG] debug-file - End initialize module-target build option map, moduleName=note
[2026-03-27T12:52:24.586] [DEBUG] debug-file - Obtain build option for module 'note' target 'default'in this build.
[2026-03-27T12:52:24.587] [DEBUG] debug-file - Module note task initialization takes 1 ms 
[2026-03-27T12:52:24.587] [DEBUG] debug-file - Har plugin register hook start...
[2026-03-27T12:52:24.587] [DEBUG] debug-file - Har plugin register hook end...
[2026-03-27T12:52:24.587] [DEBUG] debug-file - Plugin build process completed
[2026-03-27T12:52:24.587] [DEBUG] debug-file - hvigorfile, binding custom plugins []
[2026-03-27T12:52:24.587] [DEBUG] debug-file - hvigorfile, no custom plugins were found in D:\devecoStudioDriector\SomeDemo\LocalReading\exfeature\note\hvigorfile.ts
[2026-03-27T12:52:24.588] [DEBUG] debug-file - hvigorfile, resolve finished D:\devecoStudioDriector\SomeDemo\LocalReading\exfeature\note\hvigorfile.ts
[2026-03-27T12:52:24.607] [DEBUG] debug-file - hvigorfile, resolve hvigorfile dependencies in 20 ms 
[2026-03-27T12:52:24.608] [DEBUG] debug-file - project has submodules:entry,note
[2026-03-27T12:52:24.608] [DEBUG] debug-file - module:note no need to execute packageHap
[2026-03-27T12:52:24.608] [DEBUG] debug-file - start to load updatedOhPackageInfo to the disk
[2026-03-27T12:52:24.613] [DEBUG] debug-file - load to the disk finished
[2026-03-27T12:52:24.613] [DEBUG] debug-file - Start to initialize dependency information.
[2026-03-27T12:52:24.614] [DEBUG] debug-file - Module LocalReading Collected Dependency: 
[2026-03-27T12:52:24.614] [DEBUG] debug-file - Module LocalReading's total dependency: 0
[2026-03-27T12:52:24.615] [DEBUG] debug-file - Start to initialize dependency information.
[2026-03-27T12:52:24.618] [DEBUG] debug-file - Module entry Collected Dependency: D:\devecoStudioDriector\SomeDemo\LocalReading\exfeature\note
[2026-03-27T12:52:24.618] [DEBUG] debug-file - Module entry's total dependency: 1
[2026-03-27T12:52:24.619] [DEBUG] debug-file - Start to initialize dependency information.
[2026-03-27T12:52:24.620] [DEBUG] debug-file - Module note Collected Dependency: 
[2026-03-27T12:52:24.620] [DEBUG] debug-file - Module note's total dependency: 0
[2026-03-27T12:52:24.621] [DEBUG] debug-file - Configuration phase cost:102 ms 
[2026-03-27T12:52:24.622] [DEBUG] debug-file - Configuration task cost before running: 110 ms 
[2026-03-27T12:52:24.625] [DEBUG] debug-file - Executing task :entry:default@PreBuild
[2026-03-27T12:52:24.627] [DEBUG] debug-file - Task 'entry:default@PreBuild' cost while wrapping incremental declarations: 1 ms 
[2026-03-27T12:52:24.631] [DEBUG] debug-file - entry:default@PreBuild is not up-to-date, since the task snapshots are different.
[2026-03-27T12:52:24.631] [DEBUG] debug-file - Incremental task entry:default@PreBuild pre-execution cost: 3 ms .
[2026-03-27T12:52:24.637] [DEBUG] debug-file - current product is not Atomic service.
[2026-03-27T12:52:24.638] [DEBUG] debug-file - Use tool [win32: JAVA_HOME, CLASSPATH]
 [
  {
    JAVA_HOME: 'D:\\what down\\vediodown\\tool\\devecostudio\\DevEco Studio\\jbr'
  },
  {
    CLASSPATH: '.;D:\\what down\\vediodown\\tool\\devecostudio\\DevEco Studio\\jbr\\lib;D:\\what down\\vediodown\\tool\\devecostudio\\DevEco Studio\\jbr\\lib\\dt.jar;D:\\what down\\vediodown\\tool\\devecostudio\\DevEco Studio\\jbr\\lib\\tools.jar'
  }
]
[2026-03-27T12:52:24.638] [DEBUG] debug-file - Use tool [win32: NODE_HOME]
 [
  {
    NODE_HOME: 'D:\\what down\\vediodown\\tool\\devecostudio\\DevEco Studio\\tools\\node'
  }
]
[2026-03-27T12:52:24.638] [DEBUG] debug-file - entry : default@PreBuild cost memory -0.867218017578125
[2026-03-27T12:52:24.638] [DEBUG] debug-file - runTaskFromQueue task cost before running: 126 ms 
[2026-03-27T12:52:24.639] [INFO] debug-file - Finished :entry:default@PreBuild... after 13 ms 
[2026-03-27T12:52:24.641] [DEBUG] debug-file - Executing task :note:default@PreBuild
[2026-03-27T12:52:24.642] [DEBUG] debug-file - Task 'note:default@PreBuild' cost while wrapping incremental declarations: 1 ms 
[2026-03-27T12:52:24.645] [DEBUG] debug-file - note:default@PreBuild is not up-to-date, since the task snapshots are different.
[2026-03-27T12:52:24.645] [DEBUG] debug-file - Incremental task note:default@PreBuild pre-execution cost: 3 ms .
[2026-03-27T12:52:24.647] [DEBUG] debug-file - current product is not Atomic service.
[2026-03-27T12:52:24.647] [DEBUG] debug-file - Use tool [win32: JAVA_HOME, CLASSPATH]
 [
  {
    JAVA_HOME: 'D:\\what down\\vediodown\\tool\\devecostudio\\DevEco Studio\\jbr'
  },
  {
    CLASSPATH: '.;D:\\what down\\vediodown\\tool\\devecostudio\\DevEco Studio\\jbr\\lib;D:\\what down\\vediodown\\tool\\devecostudio\\DevEco Studio\\jbr\\lib\\dt.jar;D:\\what down\\vediodown\\tool\\devecostudio\\DevEco Studio\\jbr\\lib\\tools.jar'
  }
]
[2026-03-27T12:52:24.648] [DEBUG] debug-file - Use tool [win32: NODE_HOME]
 [
  {
    NODE_HOME: 'D:\\what down\\vediodown\\tool\\devecostudio\\DevEco Studio\\tools\\node'
  }
]
[2026-03-27T12:52:24.649] [DEBUG] debug-file - note : default@PreBuild cost memory 0.42592620849609375
[2026-03-27T12:52:24.649] [DEBUG] debug-file - runTaskFromQueue task cost before running: 136 ms 
[2026-03-27T12:52:24.650] [INFO] debug-file - Finished :note:default@PreBuild... after 8 ms 
[2026-03-27T12:52:24.650] [DEBUG] debug-file - Executing task :entry:default@CreateModuleInfo
[2026-03-27T12:52:24.650] [DEBUG] debug-file - Task 'entry:default@CreateModuleInfo' cost while wrapping incremental declarations: 1 ms 
[2026-03-27T12:52:24.651] [DEBUG] debug-file - entry : default@CreateModuleInfo cost memory 0.040924072265625
[2026-03-27T12:52:24.651] [DEBUG] debug-file - runTaskFromQueue task cost before running: 138 ms 
[2026-03-27T12:52:24.651] [INFO] debug-file - Finished :entry:default@CreateModuleInfo... after 1 ms 
[2026-03-27T12:52:24.653] [DEBUG] debug-file - Executing task :entry:default@GenerateMetadata
[2026-03-27T12:52:24.653] [DEBUG] debug-file - Task 'entry:default@GenerateMetadata' cost while wrapping incremental declarations: 1 ms 
[2026-03-27T12:52:24.654] [DEBUG] debug-file - Incremental task entry:default@GenerateMetadata pre-execution cost: 1 ms .
[2026-03-27T12:52:24.654] [DEBUG] debug-file - entry : default@GenerateMetadata cost memory 0.0798492431640625
[2026-03-27T12:52:24.654] [INFO] debug-file - UP-TO-DATE :entry:default@GenerateMetadata...  
[2026-03-27T12:52:24.655] [DEBUG] debug-file - Executing task :entry:default@PreCheckSyscap
[2026-03-27T12:52:24.655] [DEBUG] debug-file - entry : default@PreCheckSyscap cost memory 0.0137481689453125
[2026-03-27T12:52:24.655] [DEBUG] debug-file - runTaskFromQueue task cost before running: 143 ms 
[2026-03-27T12:52:24.655] [INFO] debug-file - Finished :entry:default@PreCheckSyscap... after 1 ms 
[2026-03-27T12:52:24.657] [DEBUG] debug-file - Executing task :entry:default@GeneratePkgContextInfo
[2026-03-27T12:52:24.659] [DEBUG] debug-file - Task 'entry:default@GeneratePkgContextInfo' cost while wrapping incremental declarations: 1 ms 
[2026-03-27T12:52:24.660] [DEBUG] debug-file - entry : default@GeneratePkgContextInfo cost memory -1.3359603881835938
[2026-03-27T12:52:24.660] [DEBUG] debug-file - runTaskFromQueue task cost before running: 148 ms 
[2026-03-27T12:52:24.660] [INFO] debug-file - Finished :entry:default@GeneratePkgContextInfo... after 4 ms 
[2026-03-27T12:52:24.663] [DEBUG] debug-file - Executing task :entry:default@ProcessIntegratedHsp
[2026-03-27T12:52:24.663] [DEBUG] debug-file - entry:default@ProcessIntegratedHsp is not up-to-date, since the output file 'D:\devecoStudioDriector\SomeDemo\LocalReading\build\cache\default\integrated_hsp\integratedHspCache.json' does not exist.
[2026-03-27T12:52:24.663] [DEBUG] debug-file - Incremental task entry:default@ProcessIntegratedHsp pre-execution cost: 1 ms .
[2026-03-27T12:52:24.664] [DEBUG] debug-file - entry : default@ProcessIntegratedHsp cost memory 0.05463409423828125
[2026-03-27T12:52:24.664] [DEBUG] debug-file - runTaskFromQueue task cost before running: 151 ms 
[2026-03-27T12:52:24.664] [INFO] debug-file - Finished :entry:default@ProcessIntegratedHsp... after 1 ms 
[2026-03-27T12:52:24.665] [DEBUG] debug-file - Executing task :note:default@CreateHarBuildProfile
[2026-03-27T12:52:24.665] [DEBUG] debug-file - Task 'note:default@CreateHarBuildProfile' cost while wrapping incremental declarations: 1 ms 
[2026-03-27T12:52:24.666] [DEBUG] debug-file - Incremental task note:default@CreateHarBuildProfile pre-execution cost: 1 ms .
[2026-03-27T12:52:24.666] [DEBUG] debug-file - note : default@CreateHarBuildProfile cost memory 0.088623046875
[2026-03-27T12:52:24.666] [INFO] debug-file - UP-TO-DATE :note:default@CreateHarBuildProfile...  
[2026-03-27T12:52:24.666] [DEBUG] debug-file - Executing task :note:default@ConfigureCmake
[2026-03-27T12:52:24.667] [DEBUG] debug-file - note : default@ConfigureCmake cost memory 0.0149688720703125
[2026-03-27T12:52:24.667] [DEBUG] debug-file - runTaskFromQueue task cost before running: 154 ms 
[2026-03-27T12:52:24.667] [INFO] debug-file - Finished :note:default@ConfigureCmake... after 1 ms 
[2026-03-27T12:52:24.667] [DEBUG] debug-file - Executing task :note:default@MergeProfile
[2026-03-27T12:52:24.667] [DEBUG] debug-file - Task 'note:default@MergeProfile' cost while wrapping incremental declarations: 1 ms 
[2026-03-27T12:52:24.668] [DEBUG] debug-file - Incremental task note:default@MergeProfile pre-execution cost: 1 ms .
[2026-03-27T12:52:24.668] [DEBUG] debug-file - note : default@MergeProfile cost memory 0.11554718017578125
[2026-03-27T12:52:24.668] [INFO] debug-file - UP-TO-DATE :note:default@MergeProfile...  
[2026-03-27T12:52:24.669] [DEBUG] debug-file - Executing task :entry:default@SyscapTransform
[2026-03-27T12:52:24.669] [DEBUG] debug-file - File: 'D:\devecoStudioDriector\SomeDemo\LocalReading\entry\src\main\syscap.json' from 'sysCapJsonPath' is not exists, just ignore.
[2026-03-27T12:52:24.670] [DEBUG] debug-file - Task 'entry:default@SyscapTransform' cost while wrapping incremental declarations: 1 ms 
[2026-03-27T12:52:24.671] [DEBUG] debug-file - entry:default@SyscapTransform is not up-to-date, since the output file 'D:\devecoStudioDriector\SomeDemo\LocalReading\entry\build\default\intermediates\syscap\default\rpcid.sc' does not exist.
[2026-03-27T12:52:24.671] [DEBUG] debug-file - Incremental task entry:default@SyscapTransform pre-execution cost: 1 ms .
[2026-03-27T12:52:24.671] [DEBUG] debug-file - entry : default@SyscapTransform cost memory 0.15879058837890625
[2026-03-27T12:52:24.671] [DEBUG] debug-file - runTaskFromQueue task cost before running: 158 ms 
[2026-03-27T12:52:24.671] [INFO] debug-file - Finished :entry:default@SyscapTransform... after 2 ms 
[2026-03-27T12:52:24.671] [DEBUG] debug-file - Executing task :entry:default@ProcessRouterMap
[2026-03-27T12:52:24.673] [DEBUG] debug-file - Incremental task entry:default@ProcessRouterMap pre-execution cost: 1 ms .
[2026-03-27T12:52:24.673] [DEBUG] debug-file - entry : default@ProcessRouterMap cost memory 0.1298675537109375
[2026-03-27T12:52:24.673] [INFO] debug-file - UP-TO-DATE :entry:default@ProcessRouterMap...  
[2026-03-27T12:52:24.674] [DEBUG] debug-file - Executing task :entry:default@ProcessShareConfig
[2026-03-27T12:52:24.675] [DEBUG] debug-file - Incremental task entry:default@ProcessShareConfig pre-execution cost: 1 ms .
[2026-03-27T12:52:24.675] [DEBUG] debug-file - entry : default@ProcessShareConfig cost memory 0.1096343994140625
[2026-03-27T12:52:24.675] [INFO] debug-file - UP-TO-DATE :entry:default@ProcessShareConfig...  
[2026-03-27T12:52:24.676] [DEBUG] debug-file - Executing task :entry:default@ProcessStartupConfig
[2026-03-27T12:52:24.676] [DEBUG] debug-file - Task 'entry:default@ProcessStartupConfig' cost while wrapping incremental declarations: 1 ms 
[2026-03-27T12:52:24.676] [DEBUG] debug-file - entry:default@ProcessStartupConfig is not up-to-date, since the output file 'D:\devecoStudioDriector\SomeDemo\LocalReading\entry\build\default\intermediates\startup\default\startup_config.json' does not exist.
[2026-03-27T12:52:24.676] [DEBUG] debug-file - Incremental task entry:default@ProcessStartupConfig pre-execution cost: 1 ms .
[2026-03-27T12:52:24.677] [DEBUG] debug-file - entry : default@ProcessStartupConfig cost memory 0.09345245361328125
[2026-03-27T12:52:24.677] [DEBUG] debug-file - runTaskFromQueue task cost before running: 164 ms 
[2026-03-27T12:52:24.677] [INFO] debug-file - Finished :entry:default@ProcessStartupConfig... after 1 ms 
[2026-03-27T12:52:24.678] [DEBUG] debug-file - Executing task :entry:default@CreateBuildProfile
[2026-03-27T12:52:24.679] [DEBUG] debug-file - Task 'entry:default@CreateBuildProfile' cost while wrapping incremental declarations: 2 ms 
[2026-03-27T12:52:24.680] [DEBUG] debug-file - Incremental task entry:default@CreateBuildProfile pre-execution cost: 1 ms .
[2026-03-27T12:52:24.680] [DEBUG] debug-file - entry : default@CreateBuildProfile cost memory -1.55023193359375
[2026-03-27T12:52:24.680] [INFO] debug-file - UP-TO-DATE :entry:default@CreateBuildProfile...  
[2026-03-27T12:52:24.681] [DEBUG] debug-file - Executing task :note:default@BuildNativeWithCmake
[2026-03-27T12:52:24.681] [DEBUG] debug-file - note : default@BuildNativeWithCmake cost memory 0.016021728515625
[2026-03-27T12:52:24.681] [DEBUG] debug-file - runTaskFromQueue task cost before running: 168 ms 
[2026-03-27T12:52:24.681] [INFO] debug-file - Finished :note:default@BuildNativeWithCmake... after 1 ms 
[2026-03-27T12:52:24.682] [DEBUG] debug-file - Executing task :entry:default@MergeProfile
[2026-03-27T12:52:24.682] [DEBUG] debug-file - Task 'entry:default@MergeProfile' cost while wrapping incremental declarations: 1 ms 
[2026-03-27T12:52:24.684] [DEBUG] debug-file - Incremental task entry:default@MergeProfile pre-execution cost: 2 ms .
[2026-03-27T12:52:24.684] [DEBUG] debug-file - entry : default@MergeProfile cost memory 0.16558837890625
[2026-03-27T12:52:24.684] [INFO] debug-file - UP-TO-DATE :entry:default@MergeProfile...  
[2026-03-27T12:52:24.685] [DEBUG] debug-file - Obtain build option for module 'note' target 'default'in this build.
[2026-03-27T12:52:24.686] [DEBUG] debug-file - Executing task :entry:default@GenerateLoaderJson
[2026-03-27T12:52:24.686] [DEBUG] debug-file - Task 'entry:default@GenerateLoaderJson' cost while wrapping incremental declarations: 1 ms 
[2026-03-27T12:52:24.687] [DEBUG] debug-file - Obtain build option for module 'note' target 'default'in this build.
[2026-03-27T12:52:24.688] [DEBUG] debug-file - Obtain build option for module 'note' target 'default'in this build.
[2026-03-27T12:52:24.690] [DEBUG] debug-file - Obtain build option for module 'note' target 'default'in this build.
[2026-03-27T12:52:24.690] [DEBUG] debug-file - Obtain build option for module 'note' target 'default'in this build.
[2026-03-27T12:52:24.691] [DEBUG] debug-file - Obtain build option for module 'note' target 'default'in this build.
[2026-03-27T12:52:24.692] [DEBUG] debug-file - Incremental task entry:default@GenerateLoaderJson pre-execution cost: 4 ms .
[2026-03-27T12:52:24.692] [DEBUG] debug-file - entry : default@GenerateLoaderJson cost memory 0.5104141235351562
[2026-03-27T12:52:24.693] [DEBUG] debug-file - Obtain build option for module 'note' target 'default'in this build.
[2026-03-27T12:52:24.694] [DEBUG] debug-file - Obtain build option for module 'note' target 'default'in this build.
[2026-03-27T12:52:24.694] [INFO] debug-file - UP-TO-DATE :entry:default@GenerateLoaderJson...  
[2026-03-27T12:52:24.694] [DEBUG] debug-file - Executing task :entry:default@ConfigureCmake
[2026-03-27T12:52:24.694] [DEBUG] debug-file - entry : default@ConfigureCmake cost memory 0.01352691650390625
[2026-03-27T12:52:24.694] [DEBUG] debug-file - runTaskFromQueue task cost before running: 182 ms 
[2026-03-27T12:52:24.694] [INFO] debug-file - Finished :entry:default@ConfigureCmake... after 1 ms 
[2026-03-27T12:52:24.696] [DEBUG] debug-file - Executing task :note:default@BuildNativeWithNinja
[2026-03-27T12:52:24.696] [DEBUG] debug-file - note : default@BuildNativeWithNinja cost memory 0.02335357666015625
[2026-03-27T12:52:24.696] [DEBUG] debug-file - runTaskFromQueue task cost before running: 183 ms 
[2026-03-27T12:52:24.696] [INFO] debug-file - Finished :note:default@BuildNativeWithNinja... after 1 ms 
[2026-03-27T12:52:24.697] [DEBUG] debug-file - Executing task :entry:default@MakePackInfo
[2026-03-27T12:52:24.699] [DEBUG] debug-file - Incremental task entry:default@MakePackInfo pre-execution cost: 2 ms .
[2026-03-27T12:52:24.699] [DEBUG] debug-file - entry : default@MakePackInfo cost memory 0.13470458984375
[2026-03-27T12:52:24.700] [INFO] debug-file - UP-TO-DATE :entry:default@MakePackInfo...  
[2026-03-27T12:52:24.701] [DEBUG] debug-file - Executing task :entry:default@ProcessProfile
[2026-03-27T12:52:24.702] [DEBUG] debug-file - Task 'entry:default@ProcessProfile' cost while wrapping incremental declarations: 1 ms 
[2026-03-27T12:52:24.702] [DEBUG] debug-file - Incremental task entry:default@ProcessProfile pre-execution cost: 1 ms .
[2026-03-27T12:52:24.703] [DEBUG] debug-file - entry : default@ProcessProfile cost memory 0.13637542724609375
[2026-03-27T12:52:24.703] [INFO] debug-file - UP-TO-DATE :entry:default@ProcessProfile...  
[2026-03-27T12:52:24.704] [DEBUG] debug-file - Executing task :entry:default@BuildNativeWithCmake
[2026-03-27T12:52:24.704] [DEBUG] debug-file - entry : default@BuildNativeWithCmake cost memory 0.01355743408203125
[2026-03-27T12:52:24.704] [DEBUG] debug-file - runTaskFromQueue task cost before running: 191 ms 
[2026-03-27T12:52:24.704] [INFO] debug-file - Finished :entry:default@BuildNativeWithCmake... after 1 ms 
[2026-03-27T12:52:24.705] [DEBUG] debug-file - Executing task :note:default@ProcessLibs
[2026-03-27T12:52:24.706] [DEBUG] debug-file - Incremental task note:default@ProcessLibs pre-execution cost: 1 ms .
[2026-03-27T12:52:24.706] [DEBUG] debug-file - note : default@ProcessLibs cost memory 0.10552215576171875
[2026-03-27T12:52:24.707] [INFO] debug-file - UP-TO-DATE :note:default@ProcessLibs...  
[2026-03-27T12:52:24.707] [DEBUG] debug-file - restool module names: entry,note; moduleName=entry, taskName=default@ProcessResource
[2026-03-27T12:52:24.708] [DEBUG] debug-file - Executing task :entry:default@ProcessResource
[2026-03-27T12:52:24.708] [DEBUG] debug-file - Task 'entry:default@ProcessResource' cost while wrapping incremental declarations: 1 ms 
[2026-03-27T12:52:24.709] [DEBUG] debug-file - Incremental task entry:default@ProcessResource pre-execution cost: 1 ms .
[2026-03-27T12:52:24.709] [DEBUG] debug-file - entry : default@ProcessResource cost memory 0.1291961669921875
[2026-03-27T12:52:24.711] [INFO] debug-file - UP-TO-DATE :entry:default@ProcessResource...  
[2026-03-27T12:52:24.713] [DEBUG] debug-file - Executing task :note:default@DoNativeStrip
[2026-03-27T12:52:24.713] [DEBUG] debug-file - Task 'note:default@DoNativeStrip' cost while wrapping incremental declarations: 1 ms 
[2026-03-27T12:52:24.714] [DEBUG] debug-file - Incremental task note:default@DoNativeStrip pre-execution cost: 2 ms .
[2026-03-27T12:52:24.715] [DEBUG] debug-file - note : default@DoNativeStrip cost memory 0.0802154541015625
[2026-03-27T12:52:24.715] [INFO] debug-file - UP-TO-DATE :note:default@DoNativeStrip...  
[2026-03-27T12:52:24.716] [DEBUG] debug-file - restool module names: entry,note; moduleName=entry, taskName=default@CompileResource
[2026-03-27T12:52:24.716] [DEBUG] debug-file - Executing task :entry:default@CompileResource
[2026-03-27T12:52:24.736] [DEBUG] debug-file - Incremental task entry:default@CompileResource pre-execution cost: 18 ms .
[2026-03-27T12:52:24.736] [DEBUG] debug-file - entry : default@CompileResource cost memory -0.1184234619140625
[2026-03-27T12:52:24.736] [INFO] debug-file - UP-TO-DATE :entry:default@CompileResource...  
[2026-03-27T12:52:24.737] [DEBUG] debug-file - Executing task :entry:default@BuildNativeWithNinja
[2026-03-27T12:52:24.737] [DEBUG] debug-file - entry : default@BuildNativeWithNinja cost memory 0.02217864990234375
[2026-03-27T12:52:24.737] [DEBUG] debug-file - runTaskFromQueue task cost before running: 225 ms 
[2026-03-27T12:52:24.737] [INFO] debug-file - Finished :entry:default@BuildNativeWithNinja... after 1 ms 
[2026-03-27T12:52:24.738] [DEBUG] debug-file - Executing task :entry:default@CompileArkTS
[2026-03-27T12:52:24.739] [DEBUG] debug-file - obfuscationOptions: undefined
[2026-03-27T12:52:24.741] [DEBUG] debug-file - Task 'entry:default@CompileArkTS' cost while wrapping incremental declarations: 1 ms 
[2026-03-27T12:52:24.752] [DEBUG] debug-file - Incremental task entry:default@CompileArkTS pre-execution cost: 11 ms .
[2026-03-27T12:52:24.753] [DEBUG] debug-file - entry : default@CompileArkTS cost memory -0.6527633666992188
[2026-03-27T12:52:24.754] [INFO] debug-file - UP-TO-DATE :entry:default@CompileArkTS...  
[2026-03-27T12:52:24.755] [DEBUG] debug-file - Executing task :entry:default@BuildJS
[2026-03-27T12:52:24.755] [DEBUG] debug-file - Task 'entry:default@BuildJS' cost while wrapping incremental declarations: 1 ms 
[2026-03-27T12:52:24.757] [DEBUG] debug-file - entry : default@BuildJS cost memory 0.1554107666015625
[2026-03-27T12:52:24.758] [DEBUG] debug-file - runTaskFromQueue task cost before running: 245 ms 
[2026-03-27T12:52:24.758] [INFO] debug-file - Finished :entry:default@BuildJS... after 4 ms 
[2026-03-27T12:52:24.758] [DEBUG] debug-file - Executing task :entry:default@ProcessLibs
[2026-03-27T12:52:24.762] [DEBUG] debug-file - Incremental task entry:default@ProcessLibs pre-execution cost: 2 ms .
[2026-03-27T12:52:24.762] [DEBUG] debug-file - entry : default@ProcessLibs cost memory 0.5027923583984375
[2026-03-27T12:52:24.763] [INFO] debug-file - UP-TO-DATE :entry:default@ProcessLibs...  
[2026-03-27T12:52:24.763] [DEBUG] debug-file - Executing task :entry:default@DoNativeStrip
[2026-03-27T12:52:24.764] [DEBUG] debug-file - Task 'entry:default@DoNativeStrip' cost while wrapping incremental declarations: 1 ms 
[2026-03-27T12:52:24.764] [DEBUG] debug-file - Incremental task entry:default@DoNativeStrip pre-execution cost: 1 ms .
[2026-03-27T12:52:24.764] [DEBUG] debug-file - entry : default@DoNativeStrip cost memory 0.07089996337890625
[2026-03-27T12:52:24.764] [INFO] debug-file - UP-TO-DATE :entry:default@DoNativeStrip...  
[2026-03-27T12:52:24.765] [DEBUG] debug-file - Executing task :entry:default@CacheNativeLibs
[2026-03-27T12:52:24.765] [DEBUG] debug-file - Task 'entry:default@CacheNativeLibs' cost while wrapping incremental declarations: 1 ms 
[2026-03-27T12:52:24.766] [DEBUG] debug-file - Incremental task entry:default@CacheNativeLibs pre-execution cost: 1 ms .
[2026-03-27T12:52:24.766] [DEBUG] debug-file - entry : default@CacheNativeLibs cost memory 0.084075927734375
[2026-03-27T12:52:24.767] [INFO] debug-file - UP-TO-DATE :entry:default@CacheNativeLibs...  
[2026-03-27T12:52:24.767] [DEBUG] debug-file - Executing task :entry:default@GeneratePkgModuleJson
[2026-03-27T12:52:24.768] [DEBUG] debug-file - File: 'D:\devecoStudioDriector\SomeDemo\LocalReading\entry\build\default\intermediates\preload\default\preload.json' from 'preloadSoJsonPath' is not exists, just ignore.
[2026-03-27T12:52:24.768] [DEBUG] debug-file - Error occurs while handling @Input 'shouldDeduplicateHar': The "data" argument must be of type string or an instance of Buffer, TypedArray, or DataView. Received undefined
[2026-03-27T12:52:24.768] [DEBUG] debug-file - Task 'entry:default@GeneratePkgModuleJson' cost while wrapping incremental declarations: 1 ms 
[2026-03-27T12:52:24.769] [DEBUG] debug-file - Incremental task entry:default@GeneratePkgModuleJson pre-execution cost: 1 ms .
[2026-03-27T12:52:24.769] [DEBUG] debug-file - entry : default@GeneratePkgModuleJson cost memory 0.1068878173828125
[2026-03-27T12:52:24.769] [INFO] debug-file - UP-TO-DATE :entry:default@GeneratePkgModuleJson...  
[2026-03-27T12:52:24.770] [DEBUG] debug-file - Executing task :entry:default@ProcessCompiledResources
[2026-03-27T12:52:24.770] [DEBUG] debug-file - File: 'D:\devecoStudioDriector\SomeDemo\LocalReading\entry\build\default\intermediates\preload\default\preload.json' from 'preloadSoJsonPath' is not exists, just ignore.
[2026-03-27T12:52:24.770] [DEBUG] debug-file - Task 'entry:default@ProcessCompiledResources' cost while wrapping incremental declarations: 1 ms 
[2026-03-27T12:52:24.770] [DEBUG] debug-file - entry : default@ProcessCompiledResources cost memory 0.05588531494140625
[2026-03-27T12:52:24.770] [DEBUG] debug-file - runTaskFromQueue task cost before running: 257 ms 
[2026-03-27T12:52:24.770] [INFO] debug-file - Finished :entry:default@ProcessCompiledResources... after 1 ms 
[2026-03-27T12:52:24.772] [DEBUG] debug-file - Executing task :entry:default@PackageHap
[2026-03-27T12:52:24.782] [DEBUG] debug-file - Incremental task entry:default@PackageHap pre-execution cost: 10 ms .
[2026-03-27T12:52:24.782] [DEBUG] debug-file - entry : default@PackageHap cost memory 0.8542861938476562
[2026-03-27T12:52:24.783] [INFO] debug-file - UP-TO-DATE :entry:default@PackageHap...  
[2026-03-27T12:52:24.784] [DEBUG] debug-file - Executing task :entry:default@PackingCheck
[2026-03-27T12:52:24.789] [DEBUG] debug-file - entry : default@PackingCheck cost memory 0.5168075561523438
[2026-03-27T12:52:24.790] [DEBUG] debug-file - runTaskFromQueue task cost before running: 277 ms 
[2026-03-27T12:52:24.790] [INFO] debug-file - Finished :entry:default@PackingCheck... after 6 ms 
[2026-03-27T12:52:24.791] [DEBUG] debug-file - Executing task :entry:default@SignHap
[2026-03-27T12:52:24.793] [DEBUG] debug-file - Incremental task entry:default@SignHap pre-execution cost: 2 ms .
[2026-03-27T12:52:24.794] [DEBUG] debug-file - entry : default@SignHap cost memory 0.10950469970703125
[2026-03-27T12:52:24.794] [INFO] debug-file - UP-TO-DATE :entry:default@SignHap...  
[2026-03-27T12:52:24.796] [DEBUG] debug-file - Executing task :entry:default@CollectDebugSymbol
[2026-03-27T12:52:24.797] [DEBUG] debug-file - entry : default@CollectDebugSymbol cost memory 0.09227752685546875
[2026-03-27T12:52:24.797] [DEBUG] debug-file - runTaskFromQueue task cost before running: 285 ms 
[2026-03-27T12:52:24.797] [INFO] debug-file - Finished :entry:default@CollectDebugSymbol... after 1 ms 
[2026-03-27T12:52:24.797] [DEBUG] debug-file - Executing task :entry:assembleHap
[2026-03-27T12:52:24.798] [DEBUG] debug-file - entry : assembleHap cost memory 0.011871337890625
[2026-03-27T12:52:24.798] [DEBUG] debug-file - runTaskFromQueue task cost before running: 285 ms 
[2026-03-27T12:52:24.798] [INFO] debug-file - Finished :entry:assembleHap... after 1 ms 
[2026-03-27T12:52:24.810] [INFO] debug-file - BUILD SUCCESSFUL in 297 ms 
[2026-03-27T12:52:24.811] [DEBUG] debug-file - Update task entry:default@PreBuild input file:D:\devecoStudioDriector\SomeDemo\LocalReading\AppScope\app.json5 cache by regenerate.
[2026-03-27T12:52:24.811] [DEBUG] debug-file - Update task entry:default@PreBuild input file:D:\devecoStudioDriector\SomeDemo\LocalReading\entry\src\main\module.json5 cache by regenerate.
[2026-03-27T12:52:24.811] [DEBUG] debug-file - Update task entry:default@PreBuild input file:D:\devecoStudioDriector\SomeDemo\LocalReading\build-profile.json5 cache by regenerate.
[2026-03-27T12:52:24.812] [DEBUG] debug-file - Update task entry:default@PreBuild input file:D:\devecoStudioDriector\SomeDemo\LocalReading\entry\build-profile.json5 cache by regenerate.
[2026-03-27T12:52:24.812] [DEBUG] debug-file - Update task entry:default@PreBuild input file:D:\devecoStudioDriector\SomeDemo\LocalReading\entry\src\main\resources\base\profile\main_pages.json cache by regenerate.
[2026-03-27T12:52:24.812] [DEBUG] debug-file - Update task entry:default@PreBuild input file:D:\devecoStudioDriector\SomeDemo\LocalReading\hvigor\hvigor-config.json5 cache by regenerate.
[2026-03-27T12:52:24.812] [DEBUG] debug-file - Update task entry:default@PreBuild input file:D:\devecoStudioDriector\SomeDemo\LocalReading\entry\oh-package.json5 cache by regenerate.
[2026-03-27T12:52:24.813] [DEBUG] debug-file - Update task entry:default@PreBuild input file:D:\devecoStudioDriector\SomeDemo\LocalReading\oh-package.json5 cache by regenerate.
[2026-03-27T12:52:24.813] [DEBUG] debug-file - Incremental task entry:default@PreBuild post-execution cost:3 ms .
[2026-03-27T12:52:24.813] [DEBUG] debug-file - Update task note:default@PreBuild input file:D:\devecoStudioDriector\SomeDemo\LocalReading\AppScope\app.json5 cache by regenerate.
[2026-03-27T12:52:24.814] [DEBUG] debug-file - Update task note:default@PreBuild input file:D:\devecoStudioDriector\SomeDemo\LocalReading\exfeature\note\src\main\module.json5 cache by regenerate.
[2026-03-27T12:52:24.814] [DEBUG] debug-file - Update task note:default@PreBuild input file:D:\devecoStudioDriector\SomeDemo\LocalReading\build-profile.json5 cache by regenerate.
[2026-03-27T12:52:24.814] [DEBUG] debug-file - Update task note:default@PreBuild input file:D:\devecoStudioDriector\SomeDemo\LocalReading\exfeature\note\build-profile.json5 cache by regenerate.
[2026-03-27T12:52:24.814] [DEBUG] debug-file - Update task note:default@PreBuild input file:D:\devecoStudioDriector\SomeDemo\LocalReading\hvigor\hvigor-config.json5 cache by regenerate.
[2026-03-27T12:52:24.815] [DEBUG] debug-file - Update task note:default@PreBuild input file:D:\devecoStudioDriector\SomeDemo\LocalReading\exfeature\note\oh-package.json5 cache by regenerate.
[2026-03-27T12:52:24.815] [DEBUG] debug-file - Update task note:default@PreBuild input file:D:\devecoStudioDriector\SomeDemo\LocalReading\oh-package.json5 cache by regenerate.
[2026-03-27T12:52:24.815] [DEBUG] debug-file - Incremental task note:default@PreBuild post-execution cost:2 ms .
[2026-03-27T12:52:24.815] [DEBUG] debug-file - Update task entry:default@CreateModuleInfo output file:D:\devecoStudioDriector\SomeDemo\LocalReading\entry\build\default\generated\profile\default\ModuleInfo.ts cache.
[2026-03-27T12:52:24.816] [DEBUG] debug-file - Incremental task entry:default@CreateModuleInfo post-execution cost:1 ms .
[2026-03-27T12:52:24.816] [DEBUG] debug-file - There is no need to refresh cache, since the incremental task entry:default@GenerateMetadata is up-to-date.
[2026-03-27T12:52:24.816] [DEBUG] debug-file - Update task entry:default@GeneratePkgContextInfo output file:D:\devecoStudioDriector\SomeDemo\LocalReading\entry\build\default\intermediates\loader\default\pkgContextInfo.json cache.
[2026-03-27T12:52:24.816] [DEBUG] debug-file - Incremental task entry:default@GeneratePkgContextInfo post-execution cost:1 ms .
[2026-03-27T12:52:24.816] [DEBUG] debug-file - Update task entry:default@ProcessIntegratedHsp output file:D:\devecoStudioDriector\SomeDemo\LocalReading\build\cache\default\integrated_hsp\integratedHspCache.json cache.
[2026-03-27T12:52:24.816] [DEBUG] debug-file - Incremental task entry:default@ProcessIntegratedHsp post-execution cost:1 ms .
[2026-03-27T12:52:24.816] [DEBUG] debug-file - There is no need to refresh cache, since the incremental task note:default@CreateHarBuildProfile is up-to-date.
[2026-03-27T12:52:24.816] [DEBUG] debug-file - There is no need to refresh cache, since the incremental task note:default@MergeProfile is up-to-date.
[2026-03-27T12:52:24.816] [DEBUG] debug-file - Update task entry:default@SyscapTransform input file:D:\what down\vediodown\tool\devecostudio\DevEco Studio\sdk\default\openharmony\toolchains\syscap_tool.exe cache by regenerate.
[2026-03-27T12:52:24.817] [DEBUG] debug-file - Update task entry:default@SyscapTransform input file:D:\what down\vediodown\tool\devecostudio\DevEco Studio\sdk\default\openharmony\ets\api\device-define cache by regenerate.
[2026-03-27T12:52:24.818] [DEBUG] debug-file - Update task entry:default@SyscapTransform output file:D:\devecoStudioDriector\SomeDemo\LocalReading\entry\build\default\intermediates\syscap\default\rpcid.sc cache.
[2026-03-27T12:52:24.818] [DEBUG] debug-file - Incremental task entry:default@SyscapTransform post-execution cost:2 ms .
[2026-03-27T12:52:24.818] [DEBUG] debug-file - There is no need to refresh cache, since the incremental task entry:default@ProcessRouterMap is up-to-date.
[2026-03-27T12:52:24.818] [DEBUG] debug-file - There is no need to refresh cache, since the incremental task entry:default@ProcessShareConfig is up-to-date.
[2026-03-27T12:52:24.818] [DEBUG] debug-file - Update task entry:default@ProcessStartupConfig output file:D:\devecoStudioDriector\SomeDemo\LocalReading\entry\build\default\intermediates\startup\default\startup_config.json cache.
[2026-03-27T12:52:24.818] [DEBUG] debug-file - Incremental task entry:default@ProcessStartupConfig post-execution cost:1 ms .
[2026-03-27T12:52:24.818] [DEBUG] debug-file - There is no need to refresh cache, since the incremental task entry:default@CreateBuildProfile is up-to-date.
[2026-03-27T12:52:24.818] [DEBUG] debug-file - There is no need to refresh cache, since the incremental task entry:default@MergeProfile is up-to-date.
[2026-03-27T12:52:24.818] [DEBUG] debug-file - There is no need to refresh cache, since the incremental task entry:default@GenerateLoaderJson is up-to-date.
[2026-03-27T12:52:24.818] [DEBUG] debug-file - There is no need to refresh cache, since the incremental task entry:default@MakePackInfo is up-to-date.
[2026-03-27T12:52:24.819] [DEBUG] debug-file - There is no need to refresh cache, since the incremental task entry:default@ProcessProfile is up-to-date.
[2026-03-27T12:52:24.819] [DEBUG] debug-file - There is no need to refresh cache, since the incremental task note:default@ProcessLibs is up-to-date.
[2026-03-27T12:52:24.819] [DEBUG] debug-file - There is no need to refresh cache, since the incremental task entry:default@ProcessResource is up-to-date.
[2026-03-27T12:52:24.819] [DEBUG] debug-file - There is no need to refresh cache, since the incremental task note:default@DoNativeStrip is up-to-date.
[2026-03-27T12:52:24.819] [DEBUG] debug-file - There is no need to refresh cache, since the incremental task entry:default@CompileResource is up-to-date.
[2026-03-27T12:52:24.819] [DEBUG] debug-file - There is no need to refresh cache, since the incremental task entry:default@CompileArkTS is up-to-date.
[2026-03-27T12:52:24.819] [DEBUG] debug-file - Update task entry:default@BuildJS input file:D:\devecoStudioDriector\SomeDemo\LocalReading\entry\build\default\intermediates\loader\default cache by regenerate.
[2026-03-27T12:52:24.820] [DEBUG] debug-file - Update task entry:default@BuildJS input file:D:\devecoStudioDriector\SomeDemo\LocalReading\exfeature\note\Index.ets cache by regenerate.
[2026-03-27T12:52:24.820] [DEBUG] debug-file - Update task entry:default@BuildJS input file:D:\devecoStudioDriector\SomeDemo\LocalReading\entry\build\default\intermediates\res\default\resources\rawfile cache by regenerate.
[2026-03-27T12:52:24.821] [DEBUG] debug-file - Update task entry:default@BuildJS input file:D:\devecoStudioDriector\SomeDemo\LocalReading\entry\build\default\intermediates\res\default\ResourceTable.txt cache by regenerate.
[2026-03-27T12:52:24.821] [DEBUG] debug-file - Update task entry:default@BuildJS input file:D:\devecoStudioDriector\SomeDemo\LocalReading\entry\build\default\intermediates\res\default\ark_module.json cache by regenerate.
[2026-03-27T12:52:24.821] [DEBUG] debug-file - Update task entry:default@BuildJS input file:D:\devecoStudioDriector\SomeDemo\LocalReading\entry\build\default\intermediates\res\default\resources\base\profile cache by regenerate.
[2026-03-27T12:52:24.822] [DEBUG] debug-file - Update task entry:default@BuildJS output file:D:\devecoStudioDriector\SomeDemo\LocalReading\entry\build\default\intermediates\loader_out\default\js cache.
[2026-03-27T12:52:24.822] [DEBUG] debug-file - Incremental task entry:default@BuildJS post-execution cost:4 ms .
[2026-03-27T12:52:24.822] [DEBUG] debug-file - There is no need to refresh cache, since the incremental task entry:default@ProcessLibs is up-to-date.
[2026-03-27T12:52:24.822] [DEBUG] debug-file - There is no need to refresh cache, since the incremental task entry:default@DoNativeStrip is up-to-date.
[2026-03-27T12:52:24.822] [DEBUG] debug-file - There is no need to refresh cache, since the incremental task entry:default@CacheNativeLibs is up-to-date.
[2026-03-27T12:52:24.822] [DEBUG] debug-file - There is no need to refresh cache, since the incremental task entry:default@GeneratePkgModuleJson is up-to-date.
[2026-03-27T12:52:24.822] [DEBUG] debug-file - Incremental task entry:default@ProcessCompiledResources post-execution cost:1 ms .
[2026-03-27T12:52:24.822] [DEBUG] debug-file - There is no need to refresh cache, since the incremental task entry:default@PackageHap is up-to-date.
[2026-03-27T12:52:24.822] [DEBUG] debug-file - There is no need to refresh cache, since the incremental task entry:default@SignHap is up-to-date.
[2026-03-27T12:52:24.822] [DEBUG] debug-file - Update task entry:default@CollectDebugSymbol input file:D:\devecoStudioDriector\SomeDemo\LocalReading\entry\build\default\intermediates\loader_out\default\ets\sourceMaps.map cache by regenerate.
[2026-03-27T12:52:24.822] [DEBUG] debug-file - Update task entry:default@CollectDebugSymbol input file:D:\devecoStudioDriector\SomeDemo\LocalReading\entry\build\default\intermediates\libs\default cache by regenerate.
[2026-03-27T12:52:24.823] [DEBUG] debug-file - Update task entry:default@CollectDebugSymbol output file:D:\devecoStudioDriector\SomeDemo\LocalReading\entry\build\default\outputs\default\symbol cache.
[2026-03-27T12:52:24.823] [DEBUG] debug-file - Incremental task entry:default@CollectDebugSymbol post-execution cost:1 ms .
[2026-03-27T12:52:24.847] [DEBUG] debug-file - hvigor build process will be closed.
[2026-03-27T12:52:24.852] [DEBUG] debug-file - session manager: send message to worker process.
[2026-03-27T12:52:24.853] [DEBUG] debug-file - session manager: send message to worker process.
[2026-03-27T12:52:24.853] [DEBUG] debug-file - watch worker: worker id should be larger than 0. Nothing will be sent to any worker thread.
[2026-03-27T12:52:24.853] [DEBUG] debug-file - watch worker: worker id should be larger than 0. Nothing will be sent to any worker thread.
